<?xml version="1.0" encoding="UTF-8"?>
<!-- Generated by org.testng.reporters.JUnitReportReporter -->
<testsuite hostname="IN-HL5L1J3" failures="0" tests="1" name="com.MyExitTest.tests.HomeTest" time="6.902" errors="0" timestamp="14 Jul 2022 18:20:33 GMT" skipped="0">
  <testcase classname="com.MyExitTest.tests.HomeTest" name="FlipkartHome" time="6.902"/>
</testsuite> <!-- com.MyExitTest.tests.HomeTest -->
