<?xml version="1.0" encoding="UTF-8"?>
<!-- Generated by org.testng.reporters.JUnitReportReporter -->
<testsuite hostname="IN-HL5L1J3" failures="0" tests="1" name="com.MyExitTest.tests.TravelTest" time="6.109" errors="0" timestamp="14 Jul 2022 13:06:28 GMT" skipped="1">
  <testcase classname="com.MyExitTest.tests.TravelTest" name="Travel" time="6.109">
    <skipped/>
  </testcase> <!-- Travel -->
</testsuite> <!-- com.MyExitTest.tests.TravelTest -->
