<?xml version="1.0" encoding="UTF-8"?>
<!-- Generated by org.testng.reporters.JUnitReportReporter -->
<testsuite hostname="IN-HL5L1J3" failures="0" tests="1" name="com.MyExitTest.tests.ExploreplusTest" time="30.946" errors="0" timestamp="01 Jul 2022 12:32:45 GMT" skipped="0">
  <testcase classname="com.MyExitTest.tests.ExploreplusTest" name="Exploreplus" time="30.946"/>
</testsuite> <!-- com.MyExitTest.tests.ExploreplusTest -->
