<?xml version="1.0" encoding="UTF-8"?>
<!-- Generated by org.testng.reporters.JUnitReportReporter -->
<testsuite hostname="IN-HL5L1J3" failures="0" tests="3" name="com.MyExitTest.tests.LoginTest" time="14.275" errors="0" timestamp="14 Jul 2022 18:20:33 GMT" skipped="0">
  <testcase classname="com.MyExitTest.tests.LoginTest" name="ValidUserLoginIn" time="4.768"/>
  <testcase classname="com.MyExitTest.tests.LoginTest" name="InValidUserLogIn" time="4.706"/>
  <testcase classname="com.MyExitTest.tests.LoginTest" name="BlankUserLogIn" time="4.801"/>
</testsuite> <!-- com.MyExitTest.tests.LoginTest -->
