<?xml version="1.0" encoding="UTF-8"?>
<!-- Generated by org.testng.reporters.JUnitReportReporter -->
<testsuite hostname="IN-HL5L1J3" failures="0" tests="1" name="com.MyExitTest.tests.FlipkartOptionTest" time="29.975" errors="0" timestamp="12 Jul 2022 08:06:24 GMT" skipped="0">
  <testcase classname="com.MyExitTest.tests.FlipkartOptionTest" name="TopOffers" time="29.975"/>
</testsuite> <!-- com.MyExitTest.tests.FlipkartOptionTest -->
