<?xml version="1.0" encoding="UTF-8"?>
<!-- Generated by org.testng.reporters.JUnitReportReporter -->
<testsuite hostname="IN-HL5L1J3" failures="0" tests="1" name="com.MyExitTest.tests.SearchboxTest" time="13.691" errors="0" timestamp="14 Jul 2022 08:19:05 GMT" skipped="0">
  <testcase classname="com.MyExitTest.tests.SearchboxTest" name="Searchbox" time="13.691"/>
</testsuite> <!-- com.MyExitTest.tests.SearchboxTest -->
