<?xml version="1.0" encoding="UTF-8"?>
<!-- Generated by org.testng.reporters.JUnitReportReporter -->
<testsuite hostname="IN-HL5L1J3" failures="0" tests="3" name="com.MyExitTest.tests.LoginTest" time="41.869" errors="0" timestamp="14 Jul 2022 08:19:05 GMT" skipped="0">
  <testcase classname="com.MyExitTest.tests.LoginTest" name="ValidUserLoginIn" time="15.276"/>
  <testcase classname="com.MyExitTest.tests.LoginTest" name="InValidUserLogIn" time="17.465"/>
  <testcase classname="com.MyExitTest.tests.LoginTest" name="BlankUserLogIn" time="9.128"/>
</testsuite> <!-- com.MyExitTest.tests.LoginTest -->
