<?xml version="1.0" encoding="UTF-8"?>
<!-- Generated by org.testng.reporters.JUnitReportReporter -->
<testsuite hostname="IN-HL5L1J3" failures="0" tests="3" name="com.MyExitTest.tests.LoginTest" time="18.440" errors="0" timestamp="14 Jul 2022 13:06:28 GMT" skipped="0">
  <testcase classname="com.MyExitTest.tests.LoginTest" name="ValidUserLoginIn" time="6.447"/>
  <testcase classname="com.MyExitTest.tests.LoginTest" name="InValidUserLogIn" time="6.657"/>
  <testcase classname="com.MyExitTest.tests.LoginTest" name="BlankUserLogIn" time="5.336"/>
</testsuite> <!-- com.MyExitTest.tests.LoginTest -->
