<?xml version="1.0" encoding="UTF-8"?>
<!-- Generated by org.testng.reporters.JUnitReportReporter -->
<testsuite hostname="IN-HL5L1J3" failures="0" tests="2" name="com.MyExitTest.tests.CartTest" time="22.655" errors="0" timestamp="14 Jul 2022 13:06:28 GMT" skipped="1">
  <testcase classname="com.MyExitTest.tests.CartTest" name="CheckCart" time="7.163">
    <skipped/>
  </testcase> <!-- CheckCart -->
  <testcase classname="com.MyExitTest.tests.CartTest" name="AddToCart" time="15.492"/>
</testsuite> <!-- com.MyExitTest.tests.CartTest -->
